fatal error: unexpected signal during runtime execution
[signal SIGSEGV: segmentation violation code=0x1 addr=0x8 pc=0x7fff3454636c]

runtime stack:
runtime.throw(0x108e3dca7, 0x2a)
	/usr/local/Cellar/go/1.9.2/libexec/src/runtime/panic.go:605 +0x95
runtime.sigpanic()
	/usr/local/Cellar/go/1.9.2/libexec/src/runtime/signal_unix.go:351 +0x2b8

goroutine 17 [syscall, locked to thread]:
runtime.cgocall(0x108dfff50, 0xc420038d38, 0x300000002)
	/usr/local/Cellar/go/1.9.2/libexec/src/runtime/cgocall.go:132 +0xe4 fp=0xc420038d08 sp=0xc420038cc8 pc=0x108d62ee4
main._Cfunc_PyList_Size(0x0, 0x0)
	github.com/nilleb/fsevents_watcher/_obj/_cgo_gotypes.go:339 +0x4a fp=0xc420038d38 sp=0xc420038d08 pc=0x108dfe02a
main.PyListOfStrings.func1(0x0, 0x0)
	/Users/nilleb/go/src/github.com/nilleb/fsevents_watcher/fsevents-implementation.go:21 +0x60 fp=0xc420038d70 sp=0xc420038d38 pc=0x108dfeea0
main.PyListOfStrings(0x0, 0x0, 0x0, 0xc400000000)
	/Users/nilleb/go/src/github.com/nilleb/fsevents_watcher/fsevents-implementation.go:21 +0x40 fp=0xc420038e10 sp=0xc420038d70 pc=0x108dfe580
main.schedule(0x0, 0x108d315f0, 0xc420038eb8)
	/Users/nilleb/go/src/github.com/nilleb/fsevents_watcher/fsevents-implementation.go:46 +0x5d fp=0xc420038e80 sp=0xc420038e10 pc=0x108dfe80d
main._cgoexpwrap_3449a5fef51f_schedule(0x0, 0x108d315f0, 0x0)
	github.com/nilleb/fsevents_watcher/_obj/_cgo_gotypes.go:387 +0x64 fp=0xc420038ea8 sp=0xc420038e80 pc=0x108dfe2a4
runtime.call32(0x0, 0x7ffee702f4d8, 0x7ffee702f570, 0x18)
	/usr/local/Cellar/go/1.9.2/libexec/src/runtime/asm_amd64.s:509 +0x3b fp=0xc420038ed8 sp=0xc420038ea8 pc=0x108db03db
runtime.cgocallbackg1(0x0)
	/usr/local/Cellar/go/1.9.2/libexec/src/runtime/cgocall.go:305 +0x19c fp=0xc420038f58 sp=0xc420038ed8 pc=0x108d6328c
runtime.cgocallbackg(0x0)
	/usr/local/Cellar/go/1.9.2/libexec/src/runtime/cgocall.go:187 +0x93 fp=0xc420038fc0 sp=0xc420038f58 pc=0x108d63053
runtime.cgocallback_gofunc(0x0, 0x0, 0x0, 0x0)
	/usr/local/Cellar/go/1.9.2/libexec/src/runtime/asm_amd64.s:762 +0x9b fp=0xc420038fe0 sp=0xc420038fc0 pc=0x108db19ab
runtime.goexit()
	/usr/local/Cellar/go/1.9.2/libexec/src/runtime/asm_amd64.s:2337 +0x1 fp=0xc420038fe8 sp=0xc420038fe0 pc=0x108db26d1
